<?xml version="1.0" encoding="UTF-8"?>
<!-- Generated by org.testng.reporters.JUnitReportReporter -->
<testsuite skipped="0" hostname="device" name="testRunner.Runner" tests="1" failures="0" timestamp="25 Sep 2023 22:36:37 GMT" time="0.156" errors="0">
  <testcase name="runScenario" time="0.156" classname="testRunner.Runner"/>
</testsuite> <!-- testRunner.Runner -->
